生成启动时间为 2017/12/4 星期一 16:17:29。
     1>项目“D:\code\破军\PoJunCore\PoJunCore.vcxproj”在节点 2 上(Build 个目标)。
     1>ClCompile:
         D:\Program Files (x86)\Microsoft Visual Studio 12.0\VC\bin\CL.exe /c /I..\capstone\include\ /I"..\..\虚无\XuWu\\" /I..\sqlite3\ /ZI /nologo /W3 /WX- /sdl /Od /Oy- /D WIN32 /D _DEBUG /D _WINDOWS /D _USRDLL /D POJUNCORE_EXPORTS /D _CRT_SECURE_NO_WARNINGS /D _WINDLL /D _UNICODE /D UNICODE /Gm /EHsc /RTC1 /MDd /GS /fp:precise /Zc:wchar_t /Zc:forScope /Yc"stdafx.h" /Fp"Debug\PoJunCore.pch" /Fo"Debug\\" /Fd"Debug\vc120.pdb" /Gd /TP /analyze- /errorReport:prompt stdafx.cpp
         stdafx.cpp
         D:\Program Files (x86)\Microsoft Visual Studio 12.0\VC\bin\CL.exe /c /I..\capstone\include\ /I"..\..\虚无\XuWu\\" /I..\sqlite3\ /ZI /nologo /W3 /WX- /sdl /Od /Oy- /D WIN32 /D _DEBUG /D _WINDOWS /D _USRDLL /D POJUNCORE_EXPORTS /D _CRT_SECURE_NO_WARNINGS /D _WINDLL /D _UNICODE /D UNICODE /Gm /EHsc /RTC1 /MDd /GS /fp:precise /Zc:wchar_t /Zc:forScope /Yu"stdafx.h" /Fp"Debug\PoJunCore.pch" /Fo"Debug\\" /Fd"Debug\vc120.pdb" /Gd /TP /analyze- /errorReport:prompt XCommandMgr.cpp XDebugControl.cpp PoJunCore.cpp XDecodingASM.cpp XHardwareBreak.cpp XInt3Tab.cpp XMemoryMgr.cpp XModelTab.cpp XOutStringTab.cpp XPJCoreHead.cpp XSQLite3.cpp XThreadTab.cpp
         XThreadTab.cpp
         XSQLite3.cpp
         XPJCoreHead.cpp
         XOutStringTab.cpp
         XModelTab.cpp
         XMemoryMgr.cpp
         XInt3Tab.cpp
         XHardwareBreak.cpp
         XDecodingASM.cpp
         PoJunCore.cpp
         XDebugControl.cpp
         XCommandMgr.cpp
         正在生成代码...
         D:\Program Files (x86)\Microsoft Visual Studio 12.0\VC\bin\CL.exe /c /I..\capstone\include\ /I"..\..\虚无\XuWu\\" /I..\sqlite3\ /ZI /nologo /W3 /WX- /sdl /Od /Oy- /D WIN32 /D _DEBUG /D _WINDOWS /D _USRDLL /D POJUNCORE_EXPORTS /D _CRT_SECURE_NO_WARNINGS /D _WINDLL /D _UNICODE /D UNICODE /Gm /EHsc /RTC1 /MDd /GS /fp:precise /Zc:wchar_t /Zc:forScope /Fo"Debug\\" /Fd"Debug\vc120.pdb" /Gd /TP /analyze- /errorReport:prompt dllmain.cpp
         dllmain.cpp
       Link:
         D:\Program Files (x86)\Microsoft Visual Studio 12.0\VC\bin\link.exe /ERRORREPORT:PROMPT /OUT:"D:\code\破军\Debug\PoJunCore.dll" /INCREMENTAL /NOLOGO /LIBPATH:..\Debug\ capstone_dll.lib XuWu.lib sqlite3.lib kernel32.lib user32.lib gdi32.lib winspool.lib comdlg32.lib advapi32.lib shell32.lib ole32.lib oleaut32.lib uuid.lib odbc32.lib odbccp32.lib /MANIFEST /MANIFESTUAC:"level='asInvoker' uiAccess='false'" /manifest:embed /DEBUG /PDB:"D:\code\破军\Debug\PoJunCore.pdb" /SUBSYSTEM:WINDOWS /TLBID:1 /DYNAMICBASE /NXCOMPAT /IMPLIB:"D:\code\破军\Debug\PoJunCore.lib" /MACHINE:X86 /DLL Debug\XCommandMgr.obj
         Debug\XDebugControl.obj
         Debug\dllmain.obj
         Debug\PoJunCore.obj
         Debug\XDecodingASM.obj
         Debug\XHardwareBreak.obj
         Debug\XInt3Tab.obj
         Debug\XMemoryMgr.obj
         Debug\XModelTab.obj
         Debug\XOutStringTab.obj
         Debug\XPJCoreHead.obj
         Debug\stdafx.obj
         Debug\XSQLite3.obj
         Debug\XThreadTab.obj
            正在创建库 D:\code\破军\Debug\PoJunCore.lib 和对象 D:\code\破军\Debug\PoJunCore.exp
         PoJunCore.vcxproj -> D:\code\破军\Debug\PoJunCore.dll
     1>已完成生成项目“D:\code\破军\PoJunCore\PoJunCore.vcxproj”(Build 个目标)的操作。

生成成功。

已用时间 00:00:08.74
